<?xml version="1.0" encoding="UTF-8"?>
<!-- Generated by org.testng.reporters.JUnitReportReporter -->
<testsuite hostname="LAPTOP-4VH20URH" failures="0" tests="5" name="com.API_test.tests.API_E2E_Test_Exam" time="4.844" errors="0" timestamp="2022-10-20T23:11:55 EDT" skipped="0">
  <testcase classname="com.API_test.tests.API_E2E_Test_Exam" name="TC_01_AllEmployeedata" time="2.703"/>
  <system-out/>
  <testcase classname="com.API_test.tests.API_E2E_Test_Exam" name="TC_02_CreateEmployeedata" time="0.622"/>
  <system-out/>
  <testcase classname="com.API_test.tests.API_E2E_Test_Exam" name="TC_03_DeleteEmployee" time="0.460"/>
  <system-out/>
  <testcase classname="com.API_test.tests.API_E2E_Test_Exam" name="TC_04_DeleteAlreadydeletedEmployee" time="0.500"/>
  <system-out/>
  <testcase classname="com.API_test.tests.API_E2E_Test_Exam" name="TC_05_GetEmpWithId" time="0.559"/>
  <system-out/>
</testsuite> <!-- com.API_test.tests.API_E2E_Test_Exam -->
