<?xml version="1.0" encoding="UTF-8"?>
<!-- Generated by org.testng.reporters.JUnitReportReporter -->
<testsuite hostname="LAPTOP-4VH20URH" failures="0" tests="2" name="com.Runner.Runner_GetMethod" time="3.209" errors="0" timestamp="2022-11-07T20:50:57 EST" skipped="0">
  <testcase classname="com.Runner.Runner_GetMethod" name="runScenario" time="0.523"/>
  <system-out/>
  <testcase classname="com.Runner.Runner_GetMethod" name="runScenario" time="2.686"/>
  <system-out/>
</testsuite> <!-- com.Runner.Runner_GetMethod -->
