<?xml version="1.0" encoding="UTF-8"?>
<!-- Generated by org.testng.reporters.JUnitReportReporter -->
<testsuite hostname="LAPTOP-4VH20URH" failures="0" tests="5" name="com.API_test.tests.API_E2E_Test_Exam" time="4.453" errors="0" timestamp="2022-10-20T23:29:14 EDT" skipped="0">
  <testcase classname="com.API_test.tests.API_E2E_Test_Exam" name="TC_01_AllEmployeedata" time="2.487"/>
  <system-out/>
  <testcase classname="com.API_test.tests.API_E2E_Test_Exam" name="TC_02_CreateEmployeedata" time="0.593"/>
  <system-out/>
  <testcase classname="com.API_test.tests.API_E2E_Test_Exam" name="TC_03_DeleteEmployee" time="0.416"/>
  <system-out/>
  <testcase classname="com.API_test.tests.API_E2E_Test_Exam" name="TC_04_DeleteAlreadydeletedEmployee" time="0.400"/>
  <system-out/>
  <testcase classname="com.API_test.tests.API_E2E_Test_Exam" name="TC_05_GetEmpWithId" time="0.557"/>
  <system-out/>
</testsuite> <!-- com.API_test.tests.API_E2E_Test_Exam -->
